c:\users\gordon\documents\visual studio 2013\projects\tetris\tetris\debug\tetris.pch.codeanalysis
c:\users\gordon\documents\visual studio 2013\projects\tetris\tetris\debug\vc120.pdb
c:\users\gordon\documents\visual studio 2013\projects\tetris\tetris\debug\vc120.idb
c:\users\gordon\documents\visual studio 2013\projects\tetris\tetris\debug\tetris.pch.codeanalysisast
c:\users\gordon\documents\visual studio 2013\projects\tetris\tetris\debug\stdafx.nativecodeanalysis.xml
c:\users\gordon\documents\visual studio 2013\projects\tetris\tetris\debug\stdafx.obj
c:\users\gordon\documents\visual studio 2013\projects\tetris\tetris\debug\tetris.pch
c:\users\gordon\documents\visual studio 2013\projects\tetris\tetris\debug\shapes.nativecodeanalysis.xml
c:\users\gordon\documents\visual studio 2013\projects\tetris\tetris\debug\tetris.nativecodeanalysis.xml
c:\users\gordon\documents\visual studio 2013\projects\tetris\tetris\debug\tetronimo.nativecodeanalysis.xml
c:\users\gordon\documents\visual studio 2013\projects\tetris\tetris\debug\timer.nativecodeanalysis.xml
c:\users\gordon\documents\visual studio 2013\projects\tetris\tetris\debug\tower.nativecodeanalysis.xml
c:\users\gordon\documents\visual studio 2013\projects\tetris\tetris\debug\tower.obj
c:\users\gordon\documents\visual studio 2013\projects\tetris\tetris\debug\timer.obj
c:\users\gordon\documents\visual studio 2013\projects\tetris\tetris\debug\tetronimo.obj
c:\users\gordon\documents\visual studio 2013\projects\tetris\tetris\debug\tetris.obj
c:\users\gordon\documents\visual studio 2013\projects\tetris\tetris\debug\shapes.obj
c:\users\gordon\documents\visual studio 2013\projects\tetris\debug\tetris.ilk
c:\users\gordon\documents\visual studio 2013\projects\tetris\debug\tetris.exe
c:\users\gordon\documents\visual studio 2013\projects\tetris\debug\tetris.pdb
c:\users\gordon\documents\visual studio 2013\projects\tetris\tetris\debug\nativecodeanalysis.read.1.tlog
c:\users\gordon\documents\visual studio 2013\projects\tetris\tetris\debug\vc.nativecodeanalysis.all.xml
c:\users\gordon\documents\visual studio 2013\projects\tetris\debug\tetris.exe.lastcodeanalysissucceeded
c:\users\gordon\documents\visual studio 2013\projects\tetris\tetris\debug\tetris.tlog\cl.command.1.tlog
c:\users\gordon\documents\visual studio 2013\projects\tetris\tetris\debug\tetris.tlog\cl.read.1.tlog
c:\users\gordon\documents\visual studio 2013\projects\tetris\tetris\debug\tetris.tlog\cl.write.1.tlog
c:\users\gordon\documents\visual studio 2013\projects\tetris\tetris\debug\tetris.tlog\link.command.1.tlog
c:\users\gordon\documents\visual studio 2013\projects\tetris\tetris\debug\tetris.tlog\link.read.1.tlog
c:\users\gordon\documents\visual studio 2013\projects\tetris\tetris\debug\tetris.tlog\link.write.1.tlog
